{"durationMs":11,"level":"info","message":"HTTP Request Processed","method":"GET","statusCode":200,"timestamp":"2026-06-21 18:12:20","url":"/api/status"}
{"durationMs":2,"level":"info","message":"HTTP Request Processed","method":"GET","statusCode":404,"timestamp":"2026-06-21 18:12:20","url":"/favicon.ico"}
{"durationMs":25,"level":"info","message":"HTTP Request Processed","method":"POST","statusCode":200,"timestamp":"2026-06-21 18:17:26","url":"/api/upload"}
{"filename":"1.txt","level":"error","message":"Validation error: Forbidden file type","mimeType":"text/plain","timestamp":"2026-06-21 18:19:35"}
{"durationMs":4,"level":"info","message":"HTTP Request Processed","method":"POST","statusCode":400,"timestamp":"2026-06-21 18:19:35","url":"/api/upload"}
{"durationMs":15,"level":"info","message":"HTTP Request Processed","method":"GET","statusCode":200,"timestamp":"2026-06-21 19:25:08","url":"/api/health"}
{"durationMs":1,"level":"info","message":"HTTP Request Processed","method":"GET","statusCode":200,"timestamp":"2026-06-21 19:25:28","url":"/api/health"}
{"durationMs":2,"level":"info","message":"HTTP Request Processed","method":"GET","statusCode":404,"timestamp":"2026-06-21 19:25:28","url":"/.well-known/appspecific/com.chrome.devtools.json"}
{"durationMs":2,"level":"info","message":"HTTP Request Processed","method":"GET","statusCode":200,"timestamp":"2026-06-21 19:25:41","url":"/api/health"}
{"durationMs":2,"level":"info","message":"HTTP Request Processed","method":"GET","statusCode":404,"timestamp":"2026-06-21 19:25:42","url":"/.well-known/appspecific/com.chrome.devtools.json"}
{"durationMs":29,"level":"info","message":"HTTP Request Processed","method":"POST","statusCode":500,"timestamp":"2026-06-21 20:03:49","url":"/api/auth/login"}
{"durationMs":17,"level":"info","message":"HTTP Request Processed","method":"POST","statusCode":500,"timestamp":"2026-06-21 20:04:25","url":"/api/auth/login"}
{"durationMs":3,"level":"info","message":"HTTP Request Processed","method":"POST","statusCode":400,"timestamp":"2026-06-21 20:05:40","url":"/api/auth/login"}
{"durationMs":1228,"level":"info","message":"HTTP Request Processed","method":"GET","statusCode":200,"timestamp":"2026-06-21 20:06:04","url":"/api/tickets?page=1&limit=2"}
{"durationMs":1,"level":"info","message":"HTTP Request Processed","method":"GET","statusCode":404,"timestamp":"2026-06-21 20:06:04","url":"/.well-known/appspecific/com.chrome.devtools.json"}
{"durationMs":305,"level":"info","message":"HTTP Request Processed","method":"GET","statusCode":200,"timestamp":"2026-06-21 20:07:11","url":"/api/bookings"}
{"durationMs":11,"level":"info","message":"HTTP Request Processed","method":"GET","statusCode":200,"timestamp":"2026-06-21 20:07:19","url":"/api/bookings"}
{"durationMs":1,"level":"info","message":"HTTP Request Processed","method":"GET","statusCode":404,"timestamp":"2026-06-21 20:07:19","url":"/.well-known/appspecific/com.chrome.devtools.json"}
{"durationMs":9,"level":"info","message":"HTTP Request Processed","method":"GET","statusCode":200,"timestamp":"2026-06-21 20:07:27","url":"/api/bookings"}
{"durationMs":2,"level":"info","message":"HTTP Request Processed","method":"GET","statusCode":404,"timestamp":"2026-06-21 20:07:27","url":"/.well-known/appspecific/com.chrome.devtools.json"}
{"durationMs":550,"level":"info","message":"HTTP Request Processed","method":"GET","statusCode":200,"timestamp":"2026-06-21 20:09:16","url":"/api/bookings"}
{"durationMs":2,"level":"info","message":"HTTP Request Processed","method":"GET","statusCode":404,"timestamp":"2026-06-21 20:09:16","url":"/.well-known/appspecific/com.chrome.devtools.json"}
{"durationMs":2,"level":"info","message":"HTTP Request Processed","method":"POST","statusCode":200,"timestamp":"2026-06-21 20:09:56","url":"/api/categories"}
{"durationMs":339,"level":"info","message":"HTTP Request Processed","method":"GET","statusCode":200,"timestamp":"2026-06-21 20:10:14","url":"/api/bookings"}
{"durationMs":1,"level":"info","message":"HTTP Request Processed","method":"GET","statusCode":404,"timestamp":"2026-06-21 20:10:14","url":"/.well-known/appspecific/com.chrome.devtools.json"}
{"durationMs":218,"level":"info","message":"HTTP Request Processed","method":"GET","statusCode":200,"timestamp":"2026-06-21 20:10:37","url":"/api/bookings"}
{"durationMs":1,"level":"info","message":"HTTP Request Processed","method":"GET","statusCode":404,"timestamp":"2026-06-21 20:10:37","url":"/.well-known/appspecific/com.chrome.devtools.json"}
{"durationMs":117,"level":"info","message":"HTTP Request Processed","method":"GET","statusCode":200,"timestamp":"2026-06-21 20:11:23","url":"/api/categories"}
{"durationMs":2,"level":"info","message":"HTTP Request Processed","method":"GET","statusCode":404,"timestamp":"2026-06-21 20:11:23","url":"/.well-known/appspecific/com.chrome.devtools.json"}
{"durationMs":2,"level":"info","message":"HTTP Request Processed","method":"GET","statusCode":200,"timestamp":"2026-06-21 20:11:38","url":"/api/categories"}
{"durationMs":2,"level":"info","message":"HTTP Request Processed","method":"GET","statusCode":404,"timestamp":"2026-06-21 20:11:38","url":"/.well-known/appspecific/com.chrome.devtools.json"}
{"durationMs":11,"level":"info","message":"HTTP Request Processed","method":"GET","statusCode":200,"timestamp":"2026-06-21 23:57:32","url":"/docs"}
{"durationMs":15,"level":"info","message":"HTTP Request Processed","method":"GET","statusCode":200,"timestamp":"2026-06-21 23:57:32","url":"/docs/static/index.css"}
{"durationMs":36,"level":"info","message":"HTTP Request Processed","method":"GET","statusCode":200,"timestamp":"2026-06-21 23:57:32","url":"/docs/static/swagger-ui.css"}
{"durationMs":22,"level":"info","message":"HTTP Request Processed","method":"GET","statusCode":200,"timestamp":"2026-06-21 23:57:32","url":"/docs/static/swagger-ui-standalone-preset.js"}
{"durationMs":1,"level":"info","message":"HTTP Request Processed","method":"GET","statusCode":200,"timestamp":"2026-06-21 23:57:32","url":"/docs/static/swagger-initializer.js"}
{"durationMs":100,"level":"info","message":"HTTP Request Processed","method":"GET","statusCode":200,"timestamp":"2026-06-21 23:57:32","url":"/docs/static/swagger-ui-bundle.js"}
{"durationMs":2,"level":"info","message":"HTTP Request Processed","method":"GET","statusCode":200,"timestamp":"2026-06-21 23:57:33","url":"/docs/json"}
{"durationMs":3,"level":"info","message":"HTTP Request Processed","method":"GET","statusCode":200,"timestamp":"2026-06-21 23:57:33","url":"/docs/static/favicon-32x32.png"}
{"durationMs":1,"level":"info","message":"HTTP Request Processed","method":"GET","statusCode":200,"timestamp":"2026-06-21 23:59:41","url":"/docs/json"}
{"durationMs":2,"level":"info","message":"HTTP Request Processed","method":"GET","statusCode":404,"timestamp":"2026-06-21 23:59:41","url":"/favicon.ico"}
{"durationMs":2,"level":"info","message":"HTTP Request Processed","method":"GET","statusCode":200,"timestamp":"2026-06-22 00:00:04","url":"/api/health"}
{"durationMs":1304,"level":"info","message":"HTTP Request Processed","method":"POST","statusCode":200,"timestamp":"2026-06-22 00:02:10","url":"/api/auth/login"}
{"durationMs":0,"level":"info","message":"HTTP Request Processed","method":"OPTIONS","statusCode":204,"timestamp":"2026-06-21 11:59:59","url":"/api/auth/me"}
{"durationMs":93,"level":"info","message":"HTTP Request Processed","method":"GET","statusCode":401,"timestamp":"2026-06-21 11:59:59","url":"/api/auth/me"}
{"durationMs":0,"level":"info","message":"HTTP Request Processed","method":"OPTIONS","statusCode":204,"timestamp":"2026-06-21 12:16:43","url":"/api/auth/register"}
{"durationMs":2711,"level":"info","message":"HTTP Request Processed","method":"POST","statusCode":201,"timestamp":"2026-06-21 12:16:45","url":"/api/auth/register"}
{"durationMs":0,"level":"info","message":"HTTP Request Processed","method":"OPTIONS","statusCode":204,"timestamp":"2026-06-21 12:16:48","url":"/api/auth/me"}
{"durationMs":0,"level":"info","message":"HTTP Request Processed","method":"OPTIONS","statusCode":204,"timestamp":"2026-06-21 12:16:48","url":"/api/auth/me"}
{"durationMs":0,"level":"info","message":"HTTP Request Processed","method":"OPTIONS","statusCode":204,"timestamp":"2026-06-21 12:16:48","url":"/api/auth/me"}
{"durationMs":284,"level":"info","message":"HTTP Request Processed","method":"GET","statusCode":200,"timestamp":"2026-06-21 12:16:49","url":"/api/auth/me"}
{"durationMs":42,"level":"info","message":"HTTP Request Processed","method":"GET","statusCode":200,"timestamp":"2026-06-21 12:16:49","url":"/api/auth/me"}
{"durationMs":343,"level":"info","message":"HTTP Request Processed","method":"GET","statusCode":200,"timestamp":"2026-06-21 12:16:49","url":"/api/auth/me"}
{"durationMs":0,"level":"info","message":"HTTP Request Processed","method":"OPTIONS","statusCode":204,"timestamp":"2026-06-21 12:17:30","url":"/api/auth/me"}
{"durationMs":0,"level":"info","message":"HTTP Request Processed","method":"OPTIONS","statusCode":204,"timestamp":"2026-06-21 12:17:30","url":"/api/auth/me"}
{"durationMs":0,"level":"info","message":"HTTP Request Processed","method":"OPTIONS","statusCode":204,"timestamp":"2026-06-21 12:17:30","url":"/api/auth/me"}
{"durationMs":386,"level":"info","message":"HTTP Request Processed","method":"GET","statusCode":200,"timestamp":"2026-06-21 12:17:30","url":"/api/auth/me"}
{"durationMs":99,"level":"info","message":"HTTP Request Processed","method":"GET","statusCode":200,"timestamp":"2026-06-21 12:17:30","url":"/api/users"}
{"durationMs":508,"level":"info","message":"HTTP Request Processed","method":"GET","statusCode":200,"timestamp":"2026-06-21 12:17:30","url":"/api/auth/me"}
{"durationMs":527,"level":"info","message":"HTTP Request Processed","method":"GET","statusCode":200,"timestamp":"2026-06-21 12:17:30","url":"/api/auth/me"}
{"durationMs":6,"level":"info","message":"HTTP Request Processed","method":"GET","statusCode":200,"timestamp":"2026-06-21 12:17:30","url":"/api/users"}
{"durationMs":300,"level":"info","message":"HTTP Request Processed","method":"GET","statusCode":200,"timestamp":"2026-06-21 12:17:51","url":"/api/rooms"}
{"durationMs":0,"level":"info","message":"HTTP Request Processed","method":"OPTIONS","statusCode":204,"timestamp":"2026-06-21 12:17:51","url":"/api/auth/me"}
{"durationMs":27,"level":"info","message":"HTTP Request Processed","method":"GET","statusCode":200,"timestamp":"2026-06-21 12:17:51","url":"/api/auth/me"}
{"durationMs":162,"level":"info","message":"HTTP Request Processed","method":"GET","statusCode":200,"timestamp":"2026-06-21 12:18:18","url":"/api/rooms"}
{"durationMs":0,"level":"info","message":"HTTP Request Processed","method":"OPTIONS","statusCode":204,"timestamp":"2026-06-21 12:18:18","url":"/api/auth/me"}
{"durationMs":0,"level":"info","message":"HTTP Request Processed","method":"OPTIONS","statusCode":204,"timestamp":"2026-06-21 12:18:18","url":"/api/auth/me"}
{"durationMs":0,"level":"info","message":"HTTP Request Processed","method":"OPTIONS","statusCode":204,"timestamp":"2026-06-21 12:18:18","url":"/api/auth/me"}
{"durationMs":17,"level":"info","message":"HTTP Request Processed","method":"GET","statusCode":200,"timestamp":"2026-06-21 12:18:18","url":"/api/auth/me"}
{"durationMs":186,"level":"info","message":"HTTP Request Processed","method":"GET","statusCode":200,"timestamp":"2026-06-21 12:18:18","url":"/api/auth/me"}
{"durationMs":9,"level":"info","message":"HTTP Request Processed","method":"GET","statusCode":200,"timestamp":"2026-06-21 12:18:18","url":"/api/auth/me"}
{"durationMs":0,"level":"info","message":"HTTP Request Processed","method":"OPTIONS","statusCode":204,"timestamp":"2026-06-21 12:18:21","url":"/api/auth/me"}
{"durationMs":9,"level":"info","message":"HTTP Request Processed","method":"GET","statusCode":200,"timestamp":"2026-06-21 12:18:21","url":"/api/auth/me"}
{"durationMs":60,"level":"info","message":"HTTP Request Processed","method":"GET","statusCode":200,"timestamp":"2026-06-21 12:18:23","url":"/api/bookings"}
{"durationMs":0,"level":"info","message":"HTTP Request Processed","method":"OPTIONS","statusCode":204,"timestamp":"2026-06-21 12:18:24","url":"/api/auth/me"}
{"durationMs":9,"level":"info","message":"HTTP Request Processed","method":"GET","statusCode":200,"timestamp":"2026-06-21 12:18:24","url":"/api/auth/me"}
{"durationMs":207,"level":"info","message":"HTTP Request Processed","method":"GET","statusCode":200,"timestamp":"2026-06-21 12:18:41","url":"/api/bookings"}
{"durationMs":0,"level":"info","message":"HTTP Request Processed","method":"OPTIONS","statusCode":204,"timestamp":"2026-06-21 12:18:41","url":"/api/auth/me"}
{"durationMs":0,"level":"info","message":"HTTP Request Processed","method":"OPTIONS","statusCode":204,"timestamp":"2026-06-21 12:18:41","url":"/api/auth/me"}
{"durationMs":0,"level":"info","message":"HTTP Request Processed","method":"OPTIONS","statusCode":204,"timestamp":"2026-06-21 12:18:41","url":"/api/auth/me"}
{"durationMs":11,"level":"info","message":"HTTP Request Processed","method":"GET","statusCode":200,"timestamp":"2026-06-21 12:18:41","url":"/api/auth/me"}
{"durationMs":9,"level":"info","message":"HTTP Request Processed","method":"GET","statusCode":200,"timestamp":"2026-06-21 12:18:41","url":"/api/auth/me"}
{"durationMs":40,"level":"info","message":"HTTP Request Processed","method":"GET","statusCode":200,"timestamp":"2026-06-21 12:18:41","url":"/api/auth/me"}
{"durationMs":0,"level":"info","message":"HTTP Request Processed","method":"OPTIONS","statusCode":204,"timestamp":"2026-06-21 12:19:38","url":"/api/auth/me"}
{"durationMs":3,"level":"info","message":"HTTP Request Processed","method":"GET","statusCode":401,"timestamp":"2026-06-21 12:19:38","url":"/api/auth/me"}
{"durationMs":0,"level":"info","message":"HTTP Request Processed","method":"OPTIONS","statusCode":204,"timestamp":"2026-06-21 12:30:10","url":"/api/auth/me"}
{"durationMs":0,"level":"info","message":"HTTP Request Processed","method":"OPTIONS","statusCode":204,"timestamp":"2026-06-21 12:30:12","url":"/api/auth/me"}
{"durationMs":2468,"level":"info","message":"HTTP Request Processed","method":"GET","statusCode":404,"timestamp":"2026-06-21 12:30:14","url":"/api/auth/me"}
{"durationMs":3994,"level":"info","message":"HTTP Request Processed","method":"GET","statusCode":404,"timestamp":"2026-06-21 12:30:14","url":"/api/auth/me"}
{"durationMs":0,"level":"info","message":"HTTP Request Processed","method":"OPTIONS","statusCode":204,"timestamp":"2026-06-21 12:35:34","url":"/api/auth/register"}
{"durationMs":765,"level":"info","message":"HTTP Request Processed","method":"POST","statusCode":201,"timestamp":"2026-06-21 12:35:35","url":"/api/auth/register"}
{"durationMs":0,"level":"info","message":"HTTP Request Processed","method":"OPTIONS","statusCode":204,"timestamp":"2026-06-21 12:35:35","url":"/api/auth/me"}
{"durationMs":0,"level":"info","message":"HTTP Request Processed","method":"OPTIONS","statusCode":204,"timestamp":"2026-06-21 12:35:35","url":"/api/auth/me"}
{"durationMs":0,"level":"info","message":"HTTP Request Processed","method":"OPTIONS","statusCode":204,"timestamp":"2026-06-21 12:35:35","url":"/api/auth/me"}
{"durationMs":131,"level":"info","message":"HTTP Request Processed","method":"GET","statusCode":200,"timestamp":"2026-06-21 12:35:35","url":"/api/auth/me"}
{"durationMs":13,"level":"info","message":"HTTP Request Processed","method":"GET","statusCode":200,"timestamp":"2026-06-21 12:35:35","url":"/api/auth/me"}
{"durationMs":193,"level":"info","message":"HTTP Request Processed","method":"GET","statusCode":200,"timestamp":"2026-06-21 12:35:36","url":"/api/auth/me"}
{"durationMs":0,"level":"info","message":"HTTP Request Processed","method":"OPTIONS","statusCode":204,"timestamp":"2026-06-21 12:36:22","url":"/api/auth/me"}
{"durationMs":0,"level":"info","message":"HTTP Request Processed","method":"OPTIONS","statusCode":204,"timestamp":"2026-06-21 12:36:22","url":"/api/auth/me"}
{"durationMs":0,"level":"info","message":"HTTP Request Processed","method":"OPTIONS","statusCode":204,"timestamp":"2026-06-21 12:36:22","url":"/api/auth/me"}
{"durationMs":214,"level":"info","message":"HTTP Request Processed","method":"GET","statusCode":200,"timestamp":"2026-06-21 12:36:22","url":"/api/auth/me"}
{"durationMs":224,"level":"info","message":"HTTP Request Processed","method":"GET","statusCode":200,"timestamp":"2026-06-21 12:36:22","url":"/api/auth/me"}
{"durationMs":264,"level":"info","message":"HTTP Request Processed","method":"GET","statusCode":200,"timestamp":"2026-06-21 12:36:22","url":"/api/auth/me"}
{"durationMs":14,"level":"info","message":"HTTP Request Processed","method":"GET","statusCode":200,"timestamp":"2026-06-21 12:36:22","url":"/api/users"}
{"durationMs":33,"level":"info","message":"HTTP Request Processed","method":"GET","statusCode":200,"timestamp":"2026-06-21 12:36:22","url":"/api/users"}
{"durationMs":115,"level":"info","message":"HTTP Request Processed","method":"GET","statusCode":200,"timestamp":"2026-06-21 12:36:46","url":"/api/rooms"}
{"durationMs":0,"level":"info","message":"HTTP Request Processed","method":"OPTIONS","statusCode":204,"timestamp":"2026-06-21 12:36:47","url":"/api/auth/me"}
{"durationMs":14,"level":"info","message":"HTTP Request Processed","method":"GET","statusCode":200,"timestamp":"2026-06-21 12:36:47","url":"/api/auth/me"}
{"durationMs":281,"level":"info","message":"HTTP Request Processed","method":"GET","statusCode":200,"timestamp":"2026-06-21 12:37:10","url":"/api/bookings"}
{"durationMs":0,"level":"info","message":"HTTP Request Processed","method":"OPTIONS","statusCode":204,"timestamp":"2026-06-21 12:37:10","url":"/api/auth/me"}
{"durationMs":20,"level":"info","message":"HTTP Request Processed","method":"GET","statusCode":200,"timestamp":"2026-06-21 12:37:10","url":"/api/auth/me"}
{"durationMs":386,"level":"info","message":"HTTP Request Processed","method":"GET","statusCode":200,"timestamp":"2026-06-21 12:37:31","url":"/api/bookings"}
{"durationMs":0,"level":"info","message":"HTTP Request Processed","method":"OPTIONS","statusCode":204,"timestamp":"2026-06-21 12:37:31","url":"/api/auth/me"}
{"durationMs":0,"level":"info","message":"HTTP Request Processed","method":"OPTIONS","statusCode":204,"timestamp":"2026-06-21 12:37:31","url":"/api/auth/me"}
{"durationMs":0,"level":"info","message":"HTTP Request Processed","method":"OPTIONS","statusCode":204,"timestamp":"2026-06-21 12:37:31","url":"/api/auth/me"}
{"durationMs":19,"level":"info","message":"HTTP Request Processed","method":"GET","statusCode":200,"timestamp":"2026-06-21 12:37:31","url":"/api/auth/me"}
{"durationMs":25,"level":"info","message":"HTTP Request Processed","method":"GET","statusCode":200,"timestamp":"2026-06-21 12:37:31","url":"/api/auth/me"}
{"durationMs":21,"level":"info","message":"HTTP Request Processed","method":"GET","statusCode":200,"timestamp":"2026-06-21 12:37:31","url":"/api/auth/me"}
{"durationMs":324,"level":"info","message":"HTTP Request Processed","method":"GET","statusCode":200,"timestamp":"2026-06-21 12:37:48","url":"/api/bookings"}
{"durationMs":0,"level":"info","message":"HTTP Request Processed","method":"OPTIONS","statusCode":204,"timestamp":"2026-06-21 12:37:48","url":"/api/auth/me"}
{"durationMs":21,"level":"info","message":"HTTP Request Processed","method":"GET","statusCode":200,"timestamp":"2026-06-21 12:37:48","url":"/api/auth/me"}
{"durationMs":0,"level":"info","message":"HTTP Request Processed","method":"OPTIONS","statusCode":204,"timestamp":"2026-06-21 12:37:54","url":"/api/auth/me"}
{"durationMs":10,"level":"info","message":"HTTP Request Processed","method":"GET","statusCode":200,"timestamp":"2026-06-21 12:37:54","url":"/api/auth/me"}
{"durationMs":0,"level":"info","message":"HTTP Request Processed","method":"OPTIONS","statusCode":204,"timestamp":"2026-06-21 12:38:20","url":"/api/auth/me"}
{"durationMs":318,"level":"info","message":"HTTP Request Processed","method":"GET","statusCode":200,"timestamp":"2026-06-21 12:38:20","url":"/api/auth/me"}
{"durationMs":0,"level":"info","message":"HTTP Request Processed","method":"OPTIONS","statusCode":204,"timestamp":"2026-06-21 12:38:30","url":"/api/auth/me"}
{"durationMs":23,"level":"info","message":"HTTP Request Processed","method":"GET","statusCode":200,"timestamp":"2026-06-21 12:38:30","url":"/api/auth/me"}
{"durationMs":0,"level":"info","message":"HTTP Request Processed","method":"OPTIONS","statusCode":204,"timestamp":"2026-06-21 12:38:35","url":"/api/auth/me"}
{"durationMs":29,"level":"info","message":"HTTP Request Processed","method":"GET","statusCode":200,"timestamp":"2026-06-21 12:38:35","url":"/api/auth/me"}
{"durationMs":1098,"level":"info","message":"HTTP Request Processed","method":"GET","statusCode":200,"timestamp":"2026-06-21 12:38:44","url":"/api/bookings"}
{"durationMs":0,"level":"info","message":"HTTP Request Processed","method":"OPTIONS","statusCode":204,"timestamp":"2026-06-21 12:38:45","url":"/api/auth/me"}
{"durationMs":16,"level":"info","message":"HTTP Request Processed","method":"GET","statusCode":200,"timestamp":"2026-06-21 12:38:45","url":"/api/auth/me"}
{"durationMs":2,"level":"info","message":"HTTP Request Processed","method":"GET","statusCode":200,"timestamp":"2026-06-21 12:38:47","url":"/api/rooms"}
{"durationMs":0,"level":"info","message":"HTTP Request Processed","method":"OPTIONS","statusCode":204,"timestamp":"2026-06-21 12:38:47","url":"/api/auth/me"}
{"durationMs":0,"level":"info","message":"HTTP Request Processed","method":"OPTIONS","statusCode":204,"timestamp":"2026-06-21 12:38:47","url":"/api/auth/me"}
{"durationMs":0,"level":"info","message":"HTTP Request Processed","method":"OPTIONS","statusCode":204,"timestamp":"2026-06-21 12:38:47","url":"/api/auth/me"}
{"durationMs":13,"level":"info","message":"HTTP Request Processed","method":"GET","statusCode":200,"timestamp":"2026-06-21 12:38:47","url":"/api/auth/me"}
{"durationMs":18,"level":"info","message":"HTTP Request Processed","method":"GET","statusCode":200,"timestamp":"2026-06-21 12:38:47","url":"/api/auth/me"}
{"durationMs":13,"level":"info","message":"HTTP Request Processed","method":"GET","statusCode":200,"timestamp":"2026-06-21 12:38:47","url":"/api/auth/me"}
{"durationMs":0,"level":"info","message":"HTTP Request Processed","method":"OPTIONS","statusCode":204,"timestamp":"2026-06-21 12:39:39","url":"/api/bookings"}
{"durationMs":5,"level":"info","message":"HTTP Request Processed","method":"POST","statusCode":400,"timestamp":"2026-06-21 12:39:39","url":"/api/bookings"}
{"durationMs":0,"level":"info","message":"HTTP Request Processed","method":"OPTIONS","statusCode":204,"timestamp":"2026-06-21 12:39:55","url":"/api/auth/me"}
{"durationMs":891,"level":"info","message":"HTTP Request Processed","method":"GET","statusCode":200,"timestamp":"2026-06-21 12:39:56","url":"/api/auth/me"}
{"durationMs":3,"level":"info","message":"HTTP Request Processed","method":"GET","statusCode":200,"timestamp":"2026-06-21 12:40:00","url":"/api/rooms"}
{"durationMs":0,"level":"info","message":"HTTP Request Processed","method":"OPTIONS","statusCode":204,"timestamp":"2026-06-21 12:40:00","url":"/api/auth/me"}
{"durationMs":0,"level":"info","message":"HTTP Request Processed","method":"OPTIONS","statusCode":204,"timestamp":"2026-06-21 12:40:00","url":"/api/auth/me"}
{"durationMs":0,"level":"info","message":"HTTP Request Processed","method":"OPTIONS","statusCode":204,"timestamp":"2026-06-21 12:40:00","url":"/api/auth/me"}
{"durationMs":12,"level":"info","message":"HTTP Request Processed","method":"GET","statusCode":200,"timestamp":"2026-06-21 12:40:00","url":"/api/auth/me"}
{"durationMs":23,"level":"info","message":"HTTP Request Processed","method":"GET","statusCode":200,"timestamp":"2026-06-21 12:40:01","url":"/api/auth/me"}
{"durationMs":13,"level":"info","message":"HTTP Request Processed","method":"GET","statusCode":200,"timestamp":"2026-06-21 12:40:01","url":"/api/auth/me"}
{"durationMs":0,"level":"info","message":"HTTP Request Processed","method":"OPTIONS","statusCode":204,"timestamp":"2026-06-21 12:40:22","url":"/api/bookings"}
{"durationMs":177,"level":"info","message":"HTTP Request Processed","method":"POST","statusCode":400,"timestamp":"2026-06-21 12:40:23","url":"/api/bookings"}
{"durationMs":0,"level":"info","message":"HTTP Request Processed","method":"OPTIONS","statusCode":204,"timestamp":"2026-06-21 12:40:38","url":"/api/bookings"}
{"durationMs":226,"level":"info","message":"HTTP Request Processed","method":"POST","statusCode":201,"timestamp":"2026-06-21 12:40:39","url":"/api/bookings"}
{"durationMs":153,"level":"info","message":"HTTP Request Processed","method":"GET","statusCode":200,"timestamp":"2026-06-21 12:40:39","url":"/api/bookings"}
{"durationMs":9,"level":"info","message":"HTTP Request Processed","method":"GET","statusCode":200,"timestamp":"2026-06-21 12:40:39","url":"/api/bookings"}
{"durationMs":0,"level":"info","message":"HTTP Request Processed","method":"OPTIONS","statusCode":204,"timestamp":"2026-06-21 12:40:39","url":"/api/auth/me"}
{"durationMs":16,"level":"info","message":"HTTP Request Processed","method":"GET","statusCode":200,"timestamp":"2026-06-21 12:40:39","url":"/api/auth/me"}
{"durationMs":11,"level":"info","message":"HTTP Request Processed","method":"GET","statusCode":200,"timestamp":"2026-06-21 12:40:42","url":"/api/bookings"}
{"durationMs":0,"level":"info","message":"HTTP Request Processed","method":"OPTIONS","statusCode":204,"timestamp":"2026-06-21 12:40:42","url":"/api/auth/me"}
{"durationMs":0,"level":"info","message":"HTTP Request Processed","method":"OPTIONS","statusCode":204,"timestamp":"2026-06-21 12:40:42","url":"/api/auth/me"}
{"durationMs":0,"level":"info","message":"HTTP Request Processed","method":"OPTIONS","statusCode":204,"timestamp":"2026-06-21 12:40:42","url":"/api/auth/me"}
{"durationMs":23,"level":"info","message":"HTTP Request Processed","method":"GET","statusCode":200,"timestamp":"2026-06-21 12:40:42","url":"/api/auth/me"}
{"durationMs":16,"level":"info","message":"HTTP Request Processed","method":"GET","statusCode":200,"timestamp":"2026-06-21 12:40:42","url":"/api/auth/me"}
{"durationMs":14,"level":"info","message":"HTTP Request Processed","method":"GET","statusCode":200,"timestamp":"2026-06-21 12:40:42","url":"/api/auth/me"}
{"durationMs":7,"level":"info","message":"HTTP Request Processed","method":"GET","statusCode":200,"timestamp":"2026-06-21 12:40:44","url":"/api/bookings"}
{"durationMs":0,"level":"info","message":"HTTP Request Processed","method":"OPTIONS","statusCode":204,"timestamp":"2026-06-21 12:40:44","url":"/api/auth/me"}
{"durationMs":18,"level":"info","message":"HTTP Request Processed","method":"GET","statusCode":200,"timestamp":"2026-06-21 12:40:44","url":"/api/auth/me"}
{"durationMs":0,"level":"info","message":"HTTP Request Processed","method":"OPTIONS","statusCode":204,"timestamp":"2026-06-21 12:40:45","url":"/api/auth/me"}
{"durationMs":0,"level":"info","message":"HTTP Request Processed","method":"OPTIONS","statusCode":204,"timestamp":"2026-06-21 12:40:45","url":"/api/auth/me"}
{"durationMs":0,"level":"info","message":"HTTP Request Processed","method":"OPTIONS","statusCode":204,"timestamp":"2026-06-21 12:40:45","url":"/api/auth/me"}
{"durationMs":20,"level":"info","message":"HTTP Request Processed","method":"GET","statusCode":200,"timestamp":"2026-06-21 12:40:45","url":"/api/auth/me"}
{"durationMs":21,"level":"info","message":"HTTP Request Processed","method":"GET","statusCode":200,"timestamp":"2026-06-21 12:40:45","url":"/api/auth/me"}
{"durationMs":304,"level":"info","message":"HTTP Request Processed","method":"GET","statusCode":200,"timestamp":"2026-06-21 12:40:45","url":"/api/auth/me"}
{"durationMs":5,"level":"info","message":"HTTP Request Processed","method":"GET","statusCode":200,"timestamp":"2026-06-21 12:40:48","url":"/api/bookings"}
{"durationMs":0,"level":"info","message":"HTTP Request Processed","method":"OPTIONS","statusCode":204,"timestamp":"2026-06-21 12:40:48","url":"/api/auth/me"}
{"durationMs":16,"level":"info","message":"HTTP Request Processed","method":"GET","statusCode":200,"timestamp":"2026-06-21 12:40:48","url":"/api/auth/me"}
{"durationMs":7,"level":"info","message":"HTTP Request Processed","method":"GET","statusCode":200,"timestamp":"2026-06-21 12:40:49","url":"/api/bookings"}
{"durationMs":0,"level":"info","message":"HTTP Request Processed","method":"OPTIONS","statusCode":204,"timestamp":"2026-06-21 12:40:49","url":"/api/auth/me"}
{"durationMs":0,"level":"info","message":"HTTP Request Processed","method":"OPTIONS","statusCode":204,"timestamp":"2026-06-21 12:40:49","url":"/api/auth/me"}
{"durationMs":0,"level":"info","message":"HTTP Request Processed","method":"OPTIONS","statusCode":204,"timestamp":"2026-06-21 12:40:49","url":"/api/auth/me"}
{"durationMs":18,"level":"info","message":"HTTP Request Processed","method":"GET","statusCode":200,"timestamp":"2026-06-21 12:40:49","url":"/api/auth/me"}
{"durationMs":17,"level":"info","message":"HTTP Request Processed","method":"GET","statusCode":200,"timestamp":"2026-06-21 12:40:49","url":"/api/auth/me"}
{"durationMs":14,"level":"info","message":"HTTP Request Processed","method":"GET","statusCode":200,"timestamp":"2026-06-21 12:40:49","url":"/api/auth/me"}
{"durationMs":4,"level":"info","message":"HTTP Request Processed","method":"GET","statusCode":200,"timestamp":"2026-06-21 12:40:53","url":"/api/rooms"}
{"durationMs":0,"level":"info","message":"HTTP Request Processed","method":"OPTIONS","statusCode":204,"timestamp":"2026-06-21 12:40:53","url":"/api/auth/me"}
{"durationMs":21,"level":"info","message":"HTTP Request Processed","method":"GET","statusCode":200,"timestamp":"2026-06-21 12:40:53","url":"/api/auth/me"}
{"durationMs":8,"level":"info","message":"HTTP Request Processed","method":"GET","statusCode":200,"timestamp":"2026-06-21 12:40:57","url":"/api/bookings"}
{"durationMs":0,"level":"info","message":"HTTP Request Processed","method":"OPTIONS","statusCode":204,"timestamp":"2026-06-21 12:40:57","url":"/api/auth/me"}
{"durationMs":20,"level":"info","message":"HTTP Request Processed","method":"GET","statusCode":200,"timestamp":"2026-06-21 12:40:57","url":"/api/auth/me"}
{"durationMs":7,"level":"info","message":"HTTP Request Processed","method":"GET","statusCode":200,"timestamp":"2026-06-21 12:40:59","url":"/api/bookings"}
{"durationMs":0,"level":"info","message":"HTTP Request Processed","method":"OPTIONS","statusCode":204,"timestamp":"2026-06-21 12:40:59","url":"/api/auth/me"}
{"durationMs":0,"level":"info","message":"HTTP Request Processed","method":"OPTIONS","statusCode":204,"timestamp":"2026-06-21 12:40:59","url":"/api/auth/me"}
{"durationMs":0,"level":"info","message":"HTTP Request Processed","method":"OPTIONS","statusCode":204,"timestamp":"2026-06-21 12:40:59","url":"/api/auth/me"}
{"durationMs":13,"level":"info","message":"HTTP Request Processed","method":"GET","statusCode":200,"timestamp":"2026-06-21 12:40:59","url":"/api/auth/me"}
{"durationMs":16,"level":"info","message":"HTTP Request Processed","method":"GET","statusCode":200,"timestamp":"2026-06-21 12:40:59","url":"/api/auth/me"}
{"durationMs":10,"level":"info","message":"HTTP Request Processed","method":"GET","statusCode":200,"timestamp":"2026-06-21 12:40:59","url":"/api/auth/me"}
{"durationMs":7,"level":"info","message":"HTTP Request Processed","method":"GET","statusCode":200,"timestamp":"2026-06-21 12:41:00","url":"/api/bookings"}
{"durationMs":0,"level":"info","message":"HTTP Request Processed","method":"OPTIONS","statusCode":204,"timestamp":"2026-06-21 12:41:01","url":"/api/auth/me"}
{"durationMs":14,"level":"info","message":"HTTP Request Processed","method":"GET","statusCode":200,"timestamp":"2026-06-21 12:41:01","url":"/api/auth/me"}
{"durationMs":3,"level":"info","message":"HTTP Request Processed","method":"GET","statusCode":200,"timestamp":"2026-06-21 12:41:04","url":"/api/rooms"}
{"durationMs":0,"level":"info","message":"HTTP Request Processed","method":"OPTIONS","statusCode":204,"timestamp":"2026-06-21 12:41:04","url":"/api/auth/me"}
{"durationMs":0,"level":"info","message":"HTTP Request Processed","method":"OPTIONS","statusCode":204,"timestamp":"2026-06-21 12:41:04","url":"/api/auth/me"}
{"durationMs":0,"level":"info","message":"HTTP Request Processed","method":"OPTIONS","statusCode":204,"timestamp":"2026-06-21 12:41:04","url":"/api/auth/me"}
{"durationMs":19,"level":"info","message":"HTTP Request Processed","method":"GET","statusCode":200,"timestamp":"2026-06-21 12:41:04","url":"/api/auth/me"}
{"durationMs":12,"level":"info","message":"HTTP Request Processed","method":"GET","statusCode":200,"timestamp":"2026-06-21 12:41:04","url":"/api/auth/me"}
{"durationMs":12,"level":"info","message":"HTTP Request Processed","method":"GET","statusCode":200,"timestamp":"2026-06-21 12:41:04","url":"/api/auth/me"}
{"durationMs":0,"level":"info","message":"HTTP Request Processed","method":"OPTIONS","statusCode":204,"timestamp":"2026-06-21 12:41:25","url":"/api/bookings"}
{"durationMs":141,"level":"info","message":"HTTP Request Processed","method":"POST","statusCode":201,"timestamp":"2026-06-21 12:41:25","url":"/api/bookings"}
{"durationMs":157,"level":"info","message":"HTTP Request Processed","method":"GET","statusCode":200,"timestamp":"2026-06-21 12:41:25","url":"/api/bookings"}
{"durationMs":10,"level":"info","message":"HTTP Request Processed","method":"GET","statusCode":200,"timestamp":"2026-06-21 12:41:25","url":"/api/bookings"}
{"durationMs":0,"level":"info","message":"HTTP Request Processed","method":"OPTIONS","statusCode":204,"timestamp":"2026-06-21 12:41:26","url":"/api/auth/me"}
{"durationMs":35,"level":"info","message":"HTTP Request Processed","method":"GET","statusCode":200,"timestamp":"2026-06-21 12:41:26","url":"/api/auth/me"}
{"durationMs":5,"level":"info","message":"HTTP Request Processed","method":"GET","statusCode":200,"timestamp":"2026-06-21 12:41:28","url":"/api/bookings"}
{"durationMs":0,"level":"info","message":"HTTP Request Processed","method":"OPTIONS","statusCode":204,"timestamp":"2026-06-21 12:41:28","url":"/api/auth/me"}
{"durationMs":0,"level":"info","message":"HTTP Request Processed","method":"OPTIONS","statusCode":204,"timestamp":"2026-06-21 12:41:28","url":"/api/auth/me"}
{"durationMs":0,"level":"info","message":"HTTP Request Processed","method":"OPTIONS","statusCode":204,"timestamp":"2026-06-21 12:41:28","url":"/api/auth/me"}
{"durationMs":17,"level":"info","message":"HTTP Request Processed","method":"GET","statusCode":200,"timestamp":"2026-06-21 12:41:28","url":"/api/auth/me"}
{"durationMs":11,"level":"info","message":"HTTP Request Processed","method":"GET","statusCode":200,"timestamp":"2026-06-21 12:41:28","url":"/api/auth/me"}
{"durationMs":16,"level":"info","message":"HTTP Request Processed","method":"GET","statusCode":200,"timestamp":"2026-06-21 12:41:29","url":"/api/auth/me"}
{"durationMs":0,"level":"info","message":"HTTP Request Processed","method":"OPTIONS","statusCode":204,"timestamp":"2026-06-21 12:41:32","url":"/api/auth/me"}
{"durationMs":0,"level":"info","message":"HTTP Request Processed","method":"OPTIONS","statusCode":204,"timestamp":"2026-06-21 12:41:32","url":"/api/auth/me"}
{"durationMs":0,"level":"info","message":"HTTP Request Processed","method":"OPTIONS","statusCode":204,"timestamp":"2026-06-21 12:41:32","url":"/api/auth/me"}
{"durationMs":39,"level":"info","message":"HTTP Request Processed","method":"GET","statusCode":200,"timestamp":"2026-06-21 12:41:32","url":"/api/auth/me"}
{"durationMs":36,"level":"info","message":"HTTP Request Processed","method":"GET","statusCode":200,"timestamp":"2026-06-21 12:41:32","url":"/api/auth/me"}
{"durationMs":190,"level":"info","message":"HTTP Request Processed","method":"GET","statusCode":200,"timestamp":"2026-06-21 12:41:33","url":"/api/auth/me"}
{"durationMs":0,"level":"info","message":"HTTP Request Processed","method":"OPTIONS","statusCode":204,"timestamp":"2026-06-21 12:43:43","url":"/api/auth/me"}
{"durationMs":0,"level":"info","message":"HTTP Request Processed","method":"OPTIONS","statusCode":204,"timestamp":"2026-06-21 12:43:43","url":"/api/auth/me"}
{"durationMs":609,"level":"info","message":"HTTP Request Processed","method":"GET","statusCode":404,"timestamp":"2026-06-21 12:43:43","url":"/api/auth/me"}
{"durationMs":234,"level":"info","message":"HTTP Request Processed","method":"GET","statusCode":404,"timestamp":"2026-06-21 12:43:43","url":"/api/auth/me"}
{"durationMs":0,"level":"info","message":"HTTP Request Processed","method":"OPTIONS","statusCode":204,"timestamp":"2026-06-21 12:50:37","url":"/api/auth/register"}
{"durationMs":487,"level":"info","message":"HTTP Request Processed","method":"POST","statusCode":201,"timestamp":"2026-06-21 12:50:38","url":"/api/auth/register"}
{"durationMs":0,"level":"info","message":"HTTP Request Processed","method":"OPTIONS","statusCode":204,"timestamp":"2026-06-21 12:50:38","url":"/api/auth/me"}
{"durationMs":0,"level":"info","message":"HTTP Request Processed","method":"OPTIONS","statusCode":204,"timestamp":"2026-06-21 12:50:39","url":"/api/auth/me"}
{"durationMs":0,"level":"info","message":"HTTP Request Processed","method":"OPTIONS","statusCode":204,"timestamp":"2026-06-21 12:50:39","url":"/api/auth/me"}
{"durationMs":40,"level":"info","message":"HTTP Request Processed","method":"GET","statusCode":200,"timestamp":"2026-06-21 12:50:39","url":"/api/auth/me"}
{"durationMs":26,"level":"info","message":"HTTP Request Processed","method":"GET","statusCode":200,"timestamp":"2026-06-21 12:50:39","url":"/api/auth/me"}
{"durationMs":246,"level":"info","message":"HTTP Request Processed","method":"GET","statusCode":200,"timestamp":"2026-06-21 12:50:39","url":"/api/auth/me"}
{"durationMs":0,"level":"info","message":"HTTP Request Processed","method":"OPTIONS","statusCode":204,"timestamp":"2026-06-21 12:51:13","url":"/api/auth/me"}
{"durationMs":0,"level":"info","message":"HTTP Request Processed","method":"OPTIONS","statusCode":204,"timestamp":"2026-06-21 12:51:13","url":"/api/auth/me"}
{"durationMs":0,"level":"info","message":"HTTP Request Processed","method":"OPTIONS","statusCode":204,"timestamp":"2026-06-21 12:51:13","url":"/api/auth/me"}
{"durationMs":260,"level":"info","message":"HTTP Request Processed","method":"GET","statusCode":200,"timestamp":"2026-06-21 12:51:13","url":"/api/auth/me"}
{"durationMs":296,"level":"info","message":"HTTP Request Processed","method":"GET","statusCode":200,"timestamp":"2026-06-21 12:51:13","url":"/api/auth/me"}
{"durationMs":322,"level":"info","message":"HTTP Request Processed","method":"GET","statusCode":200,"timestamp":"2026-06-21 12:51:13","url":"/api/auth/me"}
{"durationMs":90,"level":"info","message":"HTTP Request Processed","method":"GET","statusCode":200,"timestamp":"2026-06-21 12:51:13","url":"/api/users"}
{"durationMs":64,"level":"info","message":"HTTP Request Processed","method":"GET","statusCode":200,"timestamp":"2026-06-21 12:51:13","url":"/api/users"}
{"durationMs":217,"level":"info","message":"HTTP Request Processed","method":"GET","statusCode":200,"timestamp":"2026-06-21 12:51:24","url":"/api/bookings"}
{"durationMs":0,"level":"info","message":"HTTP Request Processed","method":"OPTIONS","statusCode":204,"timestamp":"2026-06-21 12:51:25","url":"/api/auth/me"}
{"durationMs":16,"level":"info","message":"HTTP Request Processed","method":"GET","statusCode":200,"timestamp":"2026-06-21 12:51:25","url":"/api/auth/me"}
{"durationMs":0,"level":"info","message":"HTTP Request Processed","method":"OPTIONS","statusCode":204,"timestamp":"2026-06-21 12:51:28","url":"/api/auth/me"}
{"durationMs":0,"level":"info","message":"HTTP Request Processed","method":"OPTIONS","statusCode":204,"timestamp":"2026-06-21 12:51:28","url":"/api/auth/me"}
{"durationMs":0,"level":"info","message":"HTTP Request Processed","method":"OPTIONS","statusCode":204,"timestamp":"2026-06-21 12:51:28","url":"/api/auth/me"}
{"durationMs":38,"level":"info","message":"HTTP Request Processed","method":"GET","statusCode":200,"timestamp":"2026-06-21 12:51:28","url":"/api/auth/me"}
{"durationMs":36,"level":"info","message":"HTTP Request Processed","method":"GET","statusCode":200,"timestamp":"2026-06-21 12:51:28","url":"/api/auth/me"}
{"durationMs":7,"level":"info","message":"HTTP Request Processed","method":"GET","statusCode":200,"timestamp":"2026-06-21 12:51:28","url":"/api/users"}
{"durationMs":211,"level":"info","message":"HTTP Request Processed","method":"GET","statusCode":200,"timestamp":"2026-06-21 12:51:28","url":"/api/auth/me"}
{"durationMs":4,"level":"info","message":"HTTP Request Processed","method":"GET","statusCode":200,"timestamp":"2026-06-21 12:51:28","url":"/api/users"}
{"durationMs":125,"level":"info","message":"HTTP Request Processed","method":"GET","statusCode":200,"timestamp":"2026-06-21 12:51:58","url":"/api/rooms"}
{"durationMs":0,"level":"info","message":"HTTP Request Processed","method":"OPTIONS","statusCode":204,"timestamp":"2026-06-21 12:51:58","url":"/api/auth/me"}
{"durationMs":21,"level":"info","message":"HTTP Request Processed","method":"GET","statusCode":200,"timestamp":"2026-06-21 12:51:58","url":"/api/auth/me"}
{"durationMs":113,"level":"info","message":"HTTP Request Processed","method":"GET","statusCode":200,"timestamp":"2026-06-21 12:52:17","url":"/api/rooms"}
{"durationMs":0,"level":"info","message":"HTTP Request Processed","method":"OPTIONS","statusCode":204,"timestamp":"2026-06-21 12:52:18","url":"/api/auth/me"}
{"durationMs":0,"level":"info","message":"HTTP Request Processed","method":"OPTIONS","statusCode":204,"timestamp":"2026-06-21 12:52:18","url":"/api/auth/me"}
{"durationMs":0,"level":"info","message":"HTTP Request Processed","method":"OPTIONS","statusCode":204,"timestamp":"2026-06-21 12:52:18","url":"/api/auth/me"}
{"durationMs":22,"level":"info","message":"HTTP Request Processed","method":"GET","statusCode":200,"timestamp":"2026-06-21 12:52:18","url":"/api/auth/me"}
{"durationMs":144,"level":"info","message":"HTTP Request Processed","method":"GET","statusCode":200,"timestamp":"2026-06-21 12:52:18","url":"/api/auth/me"}
{"durationMs":9,"level":"info","message":"HTTP Request Processed","method":"GET","statusCode":200,"timestamp":"2026-06-21 12:52:18","url":"/api/auth/me"}
{"durationMs":0,"level":"info","message":"HTTP Request Processed","method":"OPTIONS","statusCode":204,"timestamp":"2026-06-21 12:52:20","url":"/api/auth/me"}
{"durationMs":11,"level":"info","message":"HTTP Request Processed","method":"GET","statusCode":200,"timestamp":"2026-06-21 12:52:20","url":"/api/auth/me"}
{"durationMs":6,"level":"info","message":"HTTP Request Processed","method":"GET","statusCode":200,"timestamp":"2026-06-21 12:52:22","url":"/api/bookings"}
{"durationMs":0,"level":"info","message":"HTTP Request Processed","method":"OPTIONS","statusCode":204,"timestamp":"2026-06-21 12:52:22","url":"/api/auth/me"}
{"durationMs":15,"level":"info","message":"HTTP Request Processed","method":"GET","statusCode":200,"timestamp":"2026-06-21 12:52:22","url":"/api/auth/me"}
{"durationMs":228,"level":"info","message":"HTTP Request Processed","method":"GET","statusCode":200,"timestamp":"2026-06-21 12:52:47","url":"/api/bookings"}
{"durationMs":0,"level":"info","message":"HTTP Request Processed","method":"OPTIONS","statusCode":204,"timestamp":"2026-06-21 12:52:47","url":"/api/auth/me"}
{"durationMs":0,"level":"info","message":"HTTP Request Processed","method":"OPTIONS","statusCode":204,"timestamp":"2026-06-21 12:52:47","url":"/api/auth/me"}
{"durationMs":0,"level":"info","message":"HTTP Request Processed","method":"OPTIONS","statusCode":204,"timestamp":"2026-06-21 12:52:47","url":"/api/auth/me"}
{"durationMs":23,"level":"info","message":"HTTP Request Processed","method":"GET","statusCode":200,"timestamp":"2026-06-21 12:52:47","url":"/api/auth/me"}
{"durationMs":18,"level":"info","message":"HTTP Request Processed","method":"GET","statusCode":200,"timestamp":"2026-06-21 12:52:47","url":"/api/auth/me"}
{"durationMs":14,"level":"info","message":"HTTP Request Processed","method":"GET","statusCode":200,"timestamp":"2026-06-21 12:52:47","url":"/api/auth/me"}
{"durationMs":349,"level":"info","message":"HTTP Request Processed","method":"GET","statusCode":200,"timestamp":"2026-06-21 12:53:04","url":"/api/bookings"}
{"durationMs":0,"level":"info","message":"HTTP Request Processed","method":"OPTIONS","statusCode":204,"timestamp":"2026-06-21 12:53:04","url":"/api/auth/me"}
{"durationMs":17,"level":"info","message":"HTTP Request Processed","method":"GET","statusCode":200,"timestamp":"2026-06-21 12:53:04","url":"/api/auth/me"}
{"durationMs":0,"level":"info","message":"HTTP Request Processed","method":"OPTIONS","statusCode":204,"timestamp":"2026-06-21 12:53:08","url":"/api/auth/me"}
{"durationMs":11,"level":"info","message":"HTTP Request Processed","method":"GET","statusCode":200,"timestamp":"2026-06-21 12:53:08","url":"/api/auth/me"}
{"durationMs":0,"level":"info","message":"HTTP Request Processed","method":"OPTIONS","statusCode":204,"timestamp":"2026-06-21 12:53:21","url":"/api/auth/me"}
{"durationMs":421,"level":"info","message":"HTTP Request Processed","method":"GET","statusCode":200,"timestamp":"2026-06-21 12:53:21","url":"/api/auth/me"}
{"durationMs":0,"level":"info","message":"HTTP Request Processed","method":"OPTIONS","statusCode":204,"timestamp":"2026-06-21 12:53:27","url":"/api/auth/me"}
{"durationMs":12,"level":"info","message":"HTTP Request Processed","method":"GET","statusCode":200,"timestamp":"2026-06-21 12:53:28","url":"/api/auth/me"}
{"durationMs":0,"level":"info","message":"HTTP Request Processed","method":"OPTIONS","statusCode":204,"timestamp":"2026-06-21 12:53:30","url":"/api/auth/me"}
{"durationMs":11,"level":"info","message":"HTTP Request Processed","method":"GET","statusCode":200,"timestamp":"2026-06-21 12:53:30","url":"/api/auth/me"}
{"durationMs":0,"level":"info","message":"HTTP Request Processed","method":"OPTIONS","statusCode":204,"timestamp":"2026-06-21 12:53:34","url":"/api/auth/me"}
{"durationMs":7,"level":"info","message":"HTTP Request Processed","method":"GET","statusCode":200,"timestamp":"2026-06-21 12:53:34","url":"/api/auth/me"}
{"durationMs":418,"level":"info","message":"HTTP Request Processed","method":"GET","statusCode":200,"timestamp":"2026-06-21 12:53:36","url":"/api/bookings"}
{"durationMs":0,"level":"info","message":"HTTP Request Processed","method":"OPTIONS","statusCode":204,"timestamp":"2026-06-21 12:53:36","url":"/api/auth/me"}
{"durationMs":28,"level":"info","message":"HTTP Request Processed","method":"GET","statusCode":200,"timestamp":"2026-06-21 12:53:36","url":"/api/auth/me"}
{"durationMs":6,"level":"info","message":"HTTP Request Processed","method":"GET","statusCode":200,"timestamp":"2026-06-21 12:53:37","url":"/api/rooms"}
{"durationMs":0,"level":"info","message":"HTTP Request Processed","method":"OPTIONS","statusCode":204,"timestamp":"2026-06-21 12:53:37","url":"/api/auth/me"}
{"durationMs":0,"level":"info","message":"HTTP Request Processed","method":"OPTIONS","statusCode":204,"timestamp":"2026-06-21 12:53:37","url":"/api/auth/me"}
{"durationMs":0,"level":"info","message":"HTTP Request Processed","method":"OPTIONS","statusCode":204,"timestamp":"2026-06-21 12:53:37","url":"/api/auth/me"}
{"durationMs":31,"level":"info","message":"HTTP Request Processed","method":"GET","statusCode":200,"timestamp":"2026-06-21 12:53:37","url":"/api/auth/me"}
{"durationMs":26,"level":"info","message":"HTTP Request Processed","method":"GET","statusCode":200,"timestamp":"2026-06-21 12:53:37","url":"/api/auth/me"}
{"durationMs":18,"level":"info","message":"HTTP Request Processed","method":"GET","statusCode":200,"timestamp":"2026-06-21 12:53:37","url":"/api/auth/me"}
{"durationMs":0,"level":"info","message":"HTTP Request Processed","method":"OPTIONS","statusCode":204,"timestamp":"2026-06-21 12:54:11","url":"/api/bookings"}
{"durationMs":6,"level":"info","message":"HTTP Request Processed","method":"POST","statusCode":400,"timestamp":"2026-06-21 12:54:11","url":"/api/bookings"}
{"durationMs":0,"level":"info","message":"HTTP Request Processed","method":"OPTIONS","statusCode":204,"timestamp":"2026-06-21 12:54:21","url":"/api/auth/me"}
{"durationMs":137,"level":"info","message":"HTTP Request Processed","method":"GET","statusCode":200,"timestamp":"2026-06-21 12:54:21","url":"/api/auth/me"}
{"durationMs":3,"level":"info","message":"HTTP Request Processed","method":"GET","statusCode":200,"timestamp":"2026-06-21 12:54:28","url":"/api/rooms"}
{"durationMs":0,"level":"info","message":"HTTP Request Processed","method":"OPTIONS","statusCode":204,"timestamp":"2026-06-21 12:54:28","url":"/api/auth/me"}
{"durationMs":0,"level":"info","message":"HTTP Request Processed","method":"OPTIONS","statusCode":204,"timestamp":"2026-06-21 12:54:28","url":"/api/auth/me"}
{"durationMs":0,"level":"info","message":"HTTP Request Processed","method":"OPTIONS","statusCode":204,"timestamp":"2026-06-21 12:54:28","url":"/api/auth/me"}
{"durationMs":18,"level":"info","message":"HTTP Request Processed","method":"GET","statusCode":200,"timestamp":"2026-06-21 12:54:28","url":"/api/auth/me"}
{"durationMs":152,"level":"info","message":"HTTP Request Processed","method":"GET","statusCode":200,"timestamp":"2026-06-21 12:54:28","url":"/api/auth/me"}
{"durationMs":10,"level":"info","message":"HTTP Request Processed","method":"GET","statusCode":200,"timestamp":"2026-06-21 12:54:28","url":"/api/auth/me"}
{"durationMs":0,"level":"info","message":"HTTP Request Processed","method":"OPTIONS","statusCode":204,"timestamp":"2026-06-21 12:54:57","url":"/api/bookings"}
{"durationMs":194,"level":"info","message":"HTTP Request Processed","method":"POST","statusCode":400,"timestamp":"2026-06-21 12:54:58","url":"/api/bookings"}
{"durationMs":0,"level":"info","message":"HTTP Request Processed","method":"OPTIONS","statusCode":204,"timestamp":"2026-06-21 12:55:21","url":"/api/bookings"}
{"durationMs":2,"level":"info","message":"HTTP Request Processed","method":"POST","statusCode":400,"timestamp":"2026-06-21 12:55:21","url":"/api/bookings"}
{"durationMs":0,"level":"info","message":"HTTP Request Processed","method":"OPTIONS","statusCode":204,"timestamp":"2026-06-21 12:55:38","url":"/api/bookings"}
{"durationMs":214,"level":"info","message":"HTTP Request Processed","method":"POST","statusCode":201,"timestamp":"2026-06-21 12:55:38","url":"/api/bookings"}
{"durationMs":140,"level":"info","message":"HTTP Request Processed","method":"GET","statusCode":200,"timestamp":"2026-06-21 12:55:38","url":"/api/bookings"}
{"durationMs":11,"level":"info","message":"HTTP Request Processed","method":"GET","statusCode":200,"timestamp":"2026-06-21 12:55:38","url":"/api/bookings"}
{"durationMs":0,"level":"info","message":"HTTP Request Processed","method":"OPTIONS","statusCode":204,"timestamp":"2026-06-21 12:55:38","url":"/api/auth/me"}
{"durationMs":16,"level":"info","message":"HTTP Request Processed","method":"GET","statusCode":200,"timestamp":"2026-06-21 12:55:38","url":"/api/auth/me"}
{"durationMs":7,"level":"info","message":"HTTP Request Processed","method":"GET","statusCode":200,"timestamp":"2026-06-21 12:55:42","url":"/api/bookings"}
{"durationMs":0,"level":"info","message":"HTTP Request Processed","method":"OPTIONS","statusCode":204,"timestamp":"2026-06-21 12:55:42","url":"/api/auth/me"}
{"durationMs":0,"level":"info","message":"HTTP Request Processed","method":"OPTIONS","statusCode":204,"timestamp":"2026-06-21 12:55:42","url":"/api/auth/me"}
{"durationMs":0,"level":"info","message":"HTTP Request Processed","method":"OPTIONS","statusCode":204,"timestamp":"2026-06-21 12:55:42","url":"/api/auth/me"}
{"durationMs":12,"level":"info","message":"HTTP Request Processed","method":"GET","statusCode":200,"timestamp":"2026-06-21 12:55:42","url":"/api/auth/me"}
{"durationMs":10,"level":"info","message":"HTTP Request Processed","method":"GET","statusCode":200,"timestamp":"2026-06-21 12:55:42","url":"/api/auth/me"}
{"durationMs":11,"level":"info","message":"HTTP Request Processed","method":"GET","statusCode":200,"timestamp":"2026-06-21 12:55:43","url":"/api/auth/me"}
{"durationMs":3,"level":"info","message":"HTTP Request Processed","method":"GET","statusCode":200,"timestamp":"2026-06-21 12:55:50","url":"/api/rooms"}
{"durationMs":0,"level":"info","message":"HTTP Request Processed","method":"OPTIONS","statusCode":204,"timestamp":"2026-06-21 12:55:51","url":"/api/auth/me"}
{"durationMs":19,"level":"info","message":"HTTP Request Processed","method":"GET","statusCode":200,"timestamp":"2026-06-21 12:55:51","url":"/api/auth/me"}
{"durationMs":104,"level":"info","message":"HTTP Request Processed","method":"GET","statusCode":200,"timestamp":"2026-06-21 12:55:54","url":"/api/bookings"}
{"durationMs":0,"level":"info","message":"HTTP Request Processed","method":"OPTIONS","statusCode":204,"timestamp":"2026-06-21 12:55:54","url":"/api/auth/me"}
{"durationMs":22,"level":"info","message":"HTTP Request Processed","method":"GET","statusCode":200,"timestamp":"2026-06-21 12:55:54","url":"/api/auth/me"}
{"durationMs":9,"level":"info","message":"HTTP Request Processed","method":"GET","statusCode":200,"timestamp":"2026-06-21 12:55:55","url":"/api/bookings"}
{"durationMs":0,"level":"info","message":"HTTP Request Processed","method":"OPTIONS","statusCode":204,"timestamp":"2026-06-21 12:55:56","url":"/api/auth/me"}
{"durationMs":0,"level":"info","message":"HTTP Request Processed","method":"OPTIONS","statusCode":204,"timestamp":"2026-06-21 12:55:56","url":"/api/auth/me"}
{"durationMs":0,"level":"info","message":"HTTP Request Processed","method":"OPTIONS","statusCode":204,"timestamp":"2026-06-21 12:55:56","url":"/api/auth/me"}
{"durationMs":27,"level":"info","message":"HTTP Request Processed","method":"GET","statusCode":200,"timestamp":"2026-06-21 12:55:56","url":"/api/auth/me"}
{"durationMs":32,"level":"info","message":"HTTP Request Processed","method":"GET","statusCode":200,"timestamp":"2026-06-21 12:55:56","url":"/api/auth/me"}
{"durationMs":15,"level":"info","message":"HTTP Request Processed","method":"GET","statusCode":200,"timestamp":"2026-06-21 12:55:56","url":"/api/auth/me"}
{"durationMs":0,"level":"info","message":"HTTP Request Processed","method":"OPTIONS","statusCode":204,"timestamp":"2026-06-21 12:56:00","url":"/api/auth/me"}
{"durationMs":0,"level":"info","message":"HTTP Request Processed","method":"OPTIONS","statusCode":204,"timestamp":"2026-06-21 12:56:00","url":"/api/auth/me"}
{"durationMs":0,"level":"info","message":"HTTP Request Processed","method":"OPTIONS","statusCode":204,"timestamp":"2026-06-21 12:56:00","url":"/api/auth/me"}
{"durationMs":61,"level":"info","message":"HTTP Request Processed","method":"GET","statusCode":200,"timestamp":"2026-06-21 12:56:00","url":"/api/auth/me"}
{"durationMs":57,"level":"info","message":"HTTP Request Processed","method":"GET","statusCode":200,"timestamp":"2026-06-21 12:56:00","url":"/api/auth/me"}
{"durationMs":295,"level":"info","message":"HTTP Request Processed","method":"GET","statusCode":200,"timestamp":"2026-06-21 12:56:00","url":"/api/auth/me"}
{"durationMs":7,"level":"info","message":"HTTP Request Processed","method":"GET","statusCode":200,"timestamp":"2026-06-21 12:56:08","url":"/api/bookings"}
{"durationMs":0,"level":"info","message":"HTTP Request Processed","method":"OPTIONS","statusCode":204,"timestamp":"2026-06-21 12:56:08","url":"/api/auth/me"}
{"durationMs":10,"level":"info","message":"HTTP Request Processed","method":"GET","statusCode":200,"timestamp":"2026-06-21 12:56:08","url":"/api/auth/me"}
{"durationMs":6,"level":"info","message":"HTTP Request Processed","method":"GET","statusCode":200,"timestamp":"2026-06-21 12:56:10","url":"/api/rooms"}
{"durationMs":0,"level":"info","message":"HTTP Request Processed","method":"OPTIONS","statusCode":204,"timestamp":"2026-06-21 12:56:10","url":"/api/auth/me"}
{"durationMs":0,"level":"info","message":"HTTP Request Processed","method":"OPTIONS","statusCode":204,"timestamp":"2026-06-21 12:56:10","url":"/api/auth/me"}
{"durationMs":0,"level":"info","message":"HTTP Request Processed","method":"OPTIONS","statusCode":204,"timestamp":"2026-06-21 12:56:10","url":"/api/auth/me"}
{"durationMs":31,"level":"info","message":"HTTP Request Processed","method":"GET","statusCode":200,"timestamp":"2026-06-21 12:56:10","url":"/api/auth/me"}
{"durationMs":28,"level":"info","message":"HTTP Request Processed","method":"GET","statusCode":200,"timestamp":"2026-06-21 12:56:10","url":"/api/auth/me"}
{"durationMs":15,"level":"info","message":"HTTP Request Processed","method":"GET","statusCode":200,"timestamp":"2026-06-21 12:56:10","url":"/api/auth/me"}
{"durationMs":0,"level":"info","message":"HTTP Request Processed","method":"OPTIONS","statusCode":204,"timestamp":"2026-06-21 12:56:31","url":"/api/bookings"}
{"durationMs":132,"level":"info","message":"HTTP Request Processed","method":"POST","statusCode":201,"timestamp":"2026-06-21 12:56:31","url":"/api/bookings"}
{"durationMs":149,"level":"info","message":"HTTP Request Processed","method":"GET","statusCode":200,"timestamp":"2026-06-21 12:56:31","url":"/api/bookings"}
{"durationMs":129,"level":"info","message":"HTTP Request Processed","method":"GET","statusCode":200,"timestamp":"2026-06-21 12:56:31","url":"/api/bookings"}
{"durationMs":0,"level":"info","message":"HTTP Request Processed","method":"OPTIONS","statusCode":204,"timestamp":"2026-06-21 12:56:31","url":"/api/auth/me"}
{"durationMs":16,"level":"info","message":"HTTP Request Processed","method":"GET","statusCode":200,"timestamp":"2026-06-21 12:56:31","url":"/api/auth/me"}
{"durationMs":5,"level":"info","message":"HTTP Request Processed","method":"GET","statusCode":200,"timestamp":"2026-06-21 12:56:34","url":"/api/bookings"}
{"durationMs":0,"level":"info","message":"HTTP Request Processed","method":"OPTIONS","statusCode":204,"timestamp":"2026-06-21 12:56:34","url":"/api/auth/me"}
{"durationMs":0,"level":"info","message":"HTTP Request Processed","method":"OPTIONS","statusCode":204,"timestamp":"2026-06-21 12:56:34","url":"/api/auth/me"}
{"durationMs":0,"level":"info","message":"HTTP Request Processed","method":"OPTIONS","statusCode":204,"timestamp":"2026-06-21 12:56:34","url":"/api/auth/me"}
{"durationMs":23,"level":"info","message":"HTTP Request Processed","method":"GET","statusCode":200,"timestamp":"2026-06-21 12:56:34","url":"/api/auth/me"}
{"durationMs":16,"level":"info","message":"HTTP Request Processed","method":"GET","statusCode":200,"timestamp":"2026-06-21 12:56:34","url":"/api/auth/me"}
{"durationMs":14,"level":"info","message":"HTTP Request Processed","method":"GET","statusCode":200,"timestamp":"2026-06-21 12:56:35","url":"/api/auth/me"}
{"durationMs":0,"level":"info","message":"HTTP Request Processed","method":"OPTIONS","statusCode":204,"timestamp":"2026-06-21 12:56:46","url":"/api/auth/me"}
{"durationMs":0,"level":"info","message":"HTTP Request Processed","method":"OPTIONS","statusCode":204,"timestamp":"2026-06-21 12:56:46","url":"/api/auth/me"}
{"durationMs":0,"level":"info","message":"HTTP Request Processed","method":"OPTIONS","statusCode":204,"timestamp":"2026-06-21 12:56:46","url":"/api/auth/me"}
{"durationMs":207,"level":"info","message":"HTTP Request Processed","method":"GET","statusCode":200,"timestamp":"2026-06-21 12:56:47","url":"/api/auth/me"}
{"durationMs":224,"level":"info","message":"HTTP Request Processed","method":"GET","statusCode":200,"timestamp":"2026-06-21 12:56:47","url":"/api/auth/me"}
{"durationMs":216,"level":"info","message":"HTTP Request Processed","method":"GET","statusCode":200,"timestamp":"2026-06-21 12:56:47","url":"/api/auth/me"}
{"durationMs":0,"level":"info","message":"HTTP Request Processed","method":"OPTIONS","statusCode":204,"timestamp":"2026-06-21 12:57:14","url":"/api/auth/login"}
{"durationMs":209,"level":"info","message":"HTTP Request Processed","method":"POST","statusCode":200,"timestamp":"2026-06-21 12:57:15","url":"/api/auth/login"}
{"durationMs":0,"level":"info","message":"HTTP Request Processed","method":"OPTIONS","statusCode":204,"timestamp":"2026-06-21 12:57:15","url":"/api/auth/me"}
{"durationMs":0,"level":"info","message":"HTTP Request Processed","method":"OPTIONS","statusCode":204,"timestamp":"2026-06-21 12:57:15","url":"/api/auth/me"}
{"durationMs":0,"level":"info","message":"HTTP Request Processed","method":"OPTIONS","statusCode":204,"timestamp":"2026-06-21 12:57:15","url":"/api/auth/me"}
{"durationMs":30,"level":"info","message":"HTTP Request Processed","method":"GET","statusCode":200,"timestamp":"2026-06-21 12:57:15","url":"/api/auth/me"}
{"durationMs":223,"level":"info","message":"HTTP Request Processed","method":"GET","statusCode":200,"timestamp":"2026-06-21 12:57:16","url":"/api/auth/me"}
{"durationMs":226,"level":"info","message":"HTTP Request Processed","method":"GET","statusCode":200,"timestamp":"2026-06-21 12:57:16","url":"/api/auth/me"}
{"durationMs":189,"level":"info","message":"HTTP Request Processed","method":"GET","statusCode":200,"timestamp":"2026-06-21 12:57:26","url":"/api/bookings"}
{"durationMs":0,"level":"info","message":"HTTP Request Processed","method":"OPTIONS","statusCode":204,"timestamp":"2026-06-21 12:57:26","url":"/api/auth/me"}
{"durationMs":13,"level":"info","message":"HTTP Request Processed","method":"GET","statusCode":200,"timestamp":"2026-06-21 12:57:26","url":"/api/auth/me"}
{"durationMs":8,"level":"info","message":"HTTP Request Processed","method":"GET","statusCode":200,"timestamp":"2026-06-21 12:57:31","url":"/api/bookings"}
{"durationMs":0,"level":"info","message":"HTTP Request Processed","method":"OPTIONS","statusCode":204,"timestamp":"2026-06-21 12:57:31","url":"/api/auth/me"}
{"durationMs":0,"level":"info","message":"HTTP Request Processed","method":"OPTIONS","statusCode":204,"timestamp":"2026-06-21 12:57:31","url":"/api/auth/me"}
{"durationMs":0,"level":"info","message":"HTTP Request Processed","method":"OPTIONS","statusCode":204,"timestamp":"2026-06-21 12:57:31","url":"/api/auth/me"}
{"durationMs":13,"level":"info","message":"HTTP Request Processed","method":"GET","statusCode":200,"timestamp":"2026-06-21 12:57:31","url":"/api/auth/me"}
{"durationMs":12,"level":"info","message":"HTTP Request Processed","method":"GET","statusCode":200,"timestamp":"2026-06-21 12:57:31","url":"/api/auth/me"}
{"durationMs":10,"level":"info","message":"HTTP Request Processed","method":"GET","statusCode":200,"timestamp":"2026-06-21 12:57:31","url":"/api/auth/me"}
{"durationMs":0,"level":"info","message":"HTTP Request Processed","method":"OPTIONS","statusCode":204,"timestamp":"2026-06-21 12:57:38","url":"/api/bookings/3/status"}
{"durationMs":183,"level":"info","message":"HTTP Request Processed","method":"PATCH","statusCode":200,"timestamp":"2026-06-21 12:57:38","url":"/api/bookings/3/status"}
{"durationMs":15,"level":"info","message":"HTTP Request Processed","method":"PATCH","statusCode":200,"timestamp":"2026-06-21 12:57:41","url":"/api/bookings/3/status"}
{"durationMs":235,"level":"info","message":"HTTP Request Processed","method":"GET","statusCode":200,"timestamp":"2026-06-21 12:57:56","url":"/api/bookings"}
{"durationMs":0,"level":"info","message":"HTTP Request Processed","method":"OPTIONS","statusCode":204,"timestamp":"2026-06-21 12:57:57","url":"/api/auth/me"}
{"durationMs":21,"level":"info","message":"HTTP Request Processed","method":"GET","statusCode":200,"timestamp":"2026-06-21 12:57:57","url":"/api/auth/me"}
{"durationMs":8,"level":"info","message":"HTTP Request Processed","method":"GET","statusCode":200,"timestamp":"2026-06-21 12:57:59","url":"/api/bookings"}
{"durationMs":0,"level":"info","message":"HTTP Request Processed","method":"OPTIONS","statusCode":204,"timestamp":"2026-06-21 12:57:59","url":"/api/auth/me"}
{"durationMs":0,"level":"info","message":"HTTP Request Processed","method":"OPTIONS","statusCode":204,"timestamp":"2026-06-21 12:57:59","url":"/api/auth/me"}
{"durationMs":0,"level":"info","message":"HTTP Request Processed","method":"OPTIONS","statusCode":204,"timestamp":"2026-06-21 12:57:59","url":"/api/auth/me"}
{"durationMs":15,"level":"info","message":"HTTP Request Processed","method":"GET","statusCode":200,"timestamp":"2026-06-21 12:57:59","url":"/api/auth/me"}
{"durationMs":14,"level":"info","message":"HTTP Request Processed","method":"GET","statusCode":200,"timestamp":"2026-06-21 12:57:59","url":"/api/auth/me"}
{"durationMs":22,"level":"info","message":"HTTP Request Processed","method":"GET","statusCode":200,"timestamp":"2026-06-21 12:57:59","url":"/api/auth/me"}
{"durationMs":8,"level":"info","message":"HTTP Request Processed","method":"GET","statusCode":200,"timestamp":"2026-06-21 12:58:01","url":"/api/bookings"}
{"durationMs":0,"level":"info","message":"HTTP Request Processed","method":"OPTIONS","statusCode":204,"timestamp":"2026-06-21 12:58:01","url":"/api/auth/me"}
{"durationMs":17,"level":"info","message":"HTTP Request Processed","method":"GET","statusCode":200,"timestamp":"2026-06-21 12:58:01","url":"/api/auth/me"}
{"durationMs":2,"level":"info","message":"HTTP Request Processed","method":"GET","statusCode":200,"timestamp":"2026-06-21 12:58:08","url":"/api/rooms"}
{"durationMs":0,"level":"info","message":"HTTP Request Processed","method":"OPTIONS","statusCode":204,"timestamp":"2026-06-21 12:58:08","url":"/api/auth/me"}
{"durationMs":12,"level":"info","message":"HTTP Request Processed","method":"GET","statusCode":200,"timestamp":"2026-06-21 12:58:08","url":"/api/auth/me"}
{"durationMs":0,"level":"info","message":"HTTP Request Processed","method":"OPTIONS","statusCode":204,"timestamp":"2026-06-21 12:58:11","url":"/api/auth/me"}
{"durationMs":0,"level":"info","message":"HTTP Request Processed","method":"OPTIONS","statusCode":204,"timestamp":"2026-06-21 12:58:11","url":"/api/auth/me"}
{"durationMs":0,"level":"info","message":"HTTP Request Processed","method":"OPTIONS","statusCode":204,"timestamp":"2026-06-21 12:58:11","url":"/api/auth/me"}
{"durationMs":22,"level":"info","message":"HTTP Request Processed","method":"GET","statusCode":200,"timestamp":"2026-06-21 12:58:11","url":"/api/auth/me"}
{"durationMs":199,"level":"info","message":"HTTP Request Processed","method":"GET","statusCode":200,"timestamp":"2026-06-21 12:58:11","url":"/api/auth/me"}
{"durationMs":206,"level":"info","message":"HTTP Request Processed","method":"GET","statusCode":200,"timestamp":"2026-06-21 12:58:11","url":"/api/auth/me"}
{"durationMs":6,"level":"info","message":"HTTP Request Processed","method":"GET","statusCode":200,"timestamp":"2026-06-21 12:58:11","url":"/api/users"}
{"durationMs":4,"level":"info","message":"HTTP Request Processed","method":"GET","statusCode":200,"timestamp":"2026-06-21 12:58:11","url":"/api/users"}
{"durationMs":5,"level":"info","message":"HTTP Request Processed","method":"GET","statusCode":200,"timestamp":"2026-06-21 12:58:14","url":"/api/bookings"}
{"durationMs":0,"level":"info","message":"HTTP Request Processed","method":"OPTIONS","statusCode":204,"timestamp":"2026-06-21 12:58:14","url":"/api/auth/me"}
{"durationMs":20,"level":"info","message":"HTTP Request Processed","method":"GET","statusCode":200,"timestamp":"2026-06-21 12:58:14","url":"/api/auth/me"}
{"durationMs":0,"level":"info","message":"HTTP Request Processed","method":"OPTIONS","statusCode":204,"timestamp":"2026-06-21 12:58:18","url":"/api/auth/me"}
{"durationMs":0,"level":"info","message":"HTTP Request Processed","method":"OPTIONS","statusCode":204,"timestamp":"2026-06-21 12:58:18","url":"/api/auth/me"}
{"durationMs":0,"level":"info","message":"HTTP Request Processed","method":"OPTIONS","statusCode":204,"timestamp":"2026-06-21 12:58:18","url":"/api/auth/me"}
{"durationMs":22,"level":"info","message":"HTTP Request Processed","method":"GET","statusCode":200,"timestamp":"2026-06-21 12:58:18","url":"/api/auth/me"}
{"durationMs":28,"level":"info","message":"HTTP Request Processed","method":"GET","statusCode":200,"timestamp":"2026-06-21 12:58:18","url":"/api/auth/me"}
{"durationMs":27,"level":"info","message":"HTTP Request Processed","method":"GET","statusCode":200,"timestamp":"2026-06-21 12:58:19","url":"/api/auth/me"}
{"durationMs":4,"level":"info","message":"HTTP Request Processed","method":"GET","statusCode":200,"timestamp":"2026-06-21 12:58:19","url":"/api/users"}
{"durationMs":5,"level":"info","message":"HTTP Request Processed","method":"GET","statusCode":200,"timestamp":"2026-06-21 12:58:19","url":"/api/users"}
{"durationMs":0,"level":"info","message":"HTTP Request Processed","method":"OPTIONS","statusCode":204,"timestamp":"2026-06-21 12:58:24","url":"/api/auth/me"}
{"durationMs":0,"level":"info","message":"HTTP Request Processed","method":"OPTIONS","statusCode":204,"timestamp":"2026-06-21 12:58:24","url":"/api/auth/me"}
{"durationMs":0,"level":"info","message":"HTTP Request Processed","method":"OPTIONS","statusCode":204,"timestamp":"2026-06-21 12:58:24","url":"/api/auth/me"}
{"durationMs":42,"level":"info","message":"HTTP Request Processed","method":"GET","statusCode":200,"timestamp":"2026-06-21 12:58:25","url":"/api/auth/me"}
{"durationMs":40,"level":"info","message":"HTTP Request Processed","method":"GET","statusCode":200,"timestamp":"2026-06-21 12:58:25","url":"/api/auth/me"}
{"durationMs":42,"level":"info","message":"HTTP Request Processed","method":"GET","statusCode":200,"timestamp":"2026-06-21 12:58:25","url":"/api/auth/me"}
{"durationMs":0,"level":"info","message":"HTTP Request Processed","method":"OPTIONS","statusCode":204,"timestamp":"2026-06-21 12:58:42","url":"/api/auth/login"}
{"durationMs":211,"level":"info","message":"HTTP Request Processed","method":"POST","statusCode":200,"timestamp":"2026-06-21 12:58:42","url":"/api/auth/login"}
{"durationMs":0,"level":"info","message":"HTTP Request Processed","method":"OPTIONS","statusCode":204,"timestamp":"2026-06-21 12:58:43","url":"/api/auth/me"}
{"durationMs":0,"level":"info","message":"HTTP Request Processed","method":"OPTIONS","statusCode":204,"timestamp":"2026-06-21 12:58:43","url":"/api/auth/me"}
{"durationMs":0,"level":"info","message":"HTTP Request Processed","method":"OPTIONS","statusCode":204,"timestamp":"2026-06-21 12:58:43","url":"/api/auth/me"}
{"durationMs":28,"level":"info","message":"HTTP Request Processed","method":"GET","statusCode":200,"timestamp":"2026-06-21 12:58:43","url":"/api/auth/me"}
{"durationMs":205,"level":"info","message":"HTTP Request Processed","method":"GET","statusCode":200,"timestamp":"2026-06-21 12:58:43","url":"/api/auth/me"}
{"durationMs":214,"level":"info","message":"HTTP Request Processed","method":"GET","statusCode":200,"timestamp":"2026-06-21 12:58:43","url":"/api/auth/me"}
{"durationMs":5,"level":"info","message":"HTTP Request Processed","method":"GET","statusCode":200,"timestamp":"2026-06-21 12:58:47","url":"/api/bookings"}
{"durationMs":0,"level":"info","message":"HTTP Request Processed","method":"OPTIONS","statusCode":204,"timestamp":"2026-06-21 12:58:47","url":"/api/auth/me"}
{"durationMs":9,"level":"info","message":"HTTP Request Processed","method":"GET","statusCode":200,"timestamp":"2026-06-21 12:58:47","url":"/api/auth/me"}
{"durationMs":4,"level":"info","message":"HTTP Request Processed","method":"GET","statusCode":200,"timestamp":"2026-06-21 12:58:50","url":"/api/rooms"}
{"durationMs":0,"level":"info","message":"HTTP Request Processed","method":"OPTIONS","statusCode":204,"timestamp":"2026-06-21 12:58:50","url":"/api/auth/me"}
{"durationMs":0,"level":"info","message":"HTTP Request Processed","method":"OPTIONS","statusCode":204,"timestamp":"2026-06-21 12:58:50","url":"/api/auth/me"}
{"durationMs":0,"level":"info","message":"HTTP Request Processed","method":"OPTIONS","statusCode":204,"timestamp":"2026-06-21 12:58:50","url":"/api/auth/me"}
{"durationMs":14,"level":"info","message":"HTTP Request Processed","method":"GET","statusCode":200,"timestamp":"2026-06-21 12:58:50","url":"/api/auth/me"}
{"durationMs":11,"level":"info","message":"HTTP Request Processed","method":"GET","statusCode":200,"timestamp":"2026-06-21 12:58:50","url":"/api/auth/me"}
{"durationMs":17,"level":"info","message":"HTTP Request Processed","method":"GET","statusCode":200,"timestamp":"2026-06-21 12:58:50","url":"/api/auth/me"}
{"durationMs":0,"level":"info","message":"HTTP Request Processed","method":"OPTIONS","statusCode":204,"timestamp":"2026-06-21 12:58:51","url":"/api/auth/me"}
{"durationMs":9,"level":"info","message":"HTTP Request Processed","method":"GET","statusCode":200,"timestamp":"2026-06-21 12:58:51","url":"/api/auth/me"}
{"durationMs":10,"level":"info","message":"HTTP Request Processed","method":"GET","statusCode":200,"timestamp":"2026-06-21 12:58:52","url":"/api/bookings"}
{"durationMs":0,"level":"info","message":"HTTP Request Processed","method":"OPTIONS","statusCode":204,"timestamp":"2026-06-21 12:58:53","url":"/api/auth/me"}
{"durationMs":23,"level":"info","message":"HTTP Request Processed","method":"GET","statusCode":200,"timestamp":"2026-06-21 12:58:53","url":"/api/auth/me"}
{"durationMs":17,"level":"info","message":"HTTP Request Processed","method":"GET","statusCode":200,"timestamp":"2026-06-21 12:58:53","url":"/api/auth/me"}
{"durationMs":17,"level":"info","message":"HTTP Request Processed","method":"GET","statusCode":200,"timestamp":"2026-06-21 12:58:53","url":"/api/auth/me"}
{"durationMs":0,"level":"info","message":"HTTP Request Processed","method":"OPTIONS","statusCode":204,"timestamp":"2026-06-21 12:58:57","url":"/api/bookings/3/status"}
{"durationMs":18,"level":"info","message":"HTTP Request Processed","method":"PATCH","statusCode":200,"timestamp":"2026-06-21 12:58:57","url":"/api/bookings/3/status"}
{"durationMs":16,"level":"info","message":"HTTP Request Processed","method":"PATCH","statusCode":200,"timestamp":"2026-06-21 12:59:00","url":"/api/bookings/3/status"}
{"durationMs":0,"level":"info","message":"HTTP Request Processed","method":"OPTIONS","statusCode":204,"timestamp":"2026-06-21 12:59:06","url":"/api/auth/me"}
{"durationMs":0,"level":"info","message":"HTTP Request Processed","method":"OPTIONS","statusCode":204,"timestamp":"2026-06-21 12:59:06","url":"/api/auth/me"}
{"durationMs":0,"level":"info","message":"HTTP Request Processed","method":"OPTIONS","statusCode":204,"timestamp":"2026-06-21 12:59:06","url":"/api/auth/me"}
{"durationMs":25,"level":"info","message":"HTTP Request Processed","method":"GET","statusCode":200,"timestamp":"2026-06-21 12:59:06","url":"/api/auth/me"}
{"durationMs":182,"level":"info","message":"HTTP Request Processed","method":"GET","statusCode":200,"timestamp":"2026-06-21 12:59:06","url":"/api/auth/me"}
{"durationMs":184,"level":"info","message":"HTTP Request Processed","method":"GET","statusCode":200,"timestamp":"2026-06-21 12:59:06","url":"/api/auth/me"}
{"durationMs":7,"level":"info","message":"HTTP Request Processed","method":"GET","statusCode":200,"timestamp":"2026-06-21 12:59:06","url":"/api/users"}
{"durationMs":3,"level":"info","message":"HTTP Request Processed","method":"GET","statusCode":200,"timestamp":"2026-06-21 12:59:06","url":"/api/users"}
{"durationMs":0,"level":"info","message":"HTTP Request Processed","method":"OPTIONS","statusCode":204,"timestamp":"2026-06-21 12:59:31","url":"/api/users/4/role"}
{"durationMs":163,"level":"info","message":"HTTP Request Processed","method":"PATCH","statusCode":200,"timestamp":"2026-06-21 12:59:31","url":"/api/users/4/role"}
{"durationMs":195,"level":"info","message":"HTTP Request Processed","method":"GET","statusCode":200,"timestamp":"2026-06-21 12:59:43","url":"/api/bookings"}
{"durationMs":0,"level":"info","message":"HTTP Request Processed","method":"OPTIONS","statusCode":204,"timestamp":"2026-06-21 12:59:43","url":"/api/auth/me"}
{"durationMs":19,"level":"info","message":"HTTP Request Processed","method":"GET","statusCode":200,"timestamp":"2026-06-21 12:59:43","url":"/api/auth/me"}
{"durationMs":0,"level":"info","message":"HTTP Request Processed","method":"OPTIONS","statusCode":204,"timestamp":"2026-06-21 13:00:16","url":"/api/auth/me"}
{"durationMs":149,"level":"info","message":"HTTP Request Processed","method":"GET","statusCode":200,"timestamp":"2026-06-21 13:00:17","url":"/api/auth/me"}
